e:\code\boids\frameworks\cocos2d-x\cocos\scripting\lua-bindings\proj.win32\release.win32\libluacocos2d\luatoucheventmanager.obj
e:\code\boids\frameworks\cocos2d-x\cocos\scripting\lua-bindings\proj.win32\release.win32\libluacocos2d\lua_cocos2dx_audioengine_auto.obj
e:\code\boids\frameworks\cocos2d-x\cocos\scripting\lua-bindings\proj.win32\release.win32\libluacocos2d\lua_cocos2dx_csloader_auto.obj
e:\code\boids\frameworks\cocos2d-x\cocos\scripting\lua-bindings\proj.win32\release.win32\libluacocos2d\lua_cocos2dx_spine_auto.obj
e:\code\boids\frameworks\cocos2d-x\cocos\scripting\lua-bindings\proj.win32\release.win32\libluacocos2d\lua_cocos2dx_3d_manual.obj
e:\code\boids\frameworks\cocos2d-x\cocos\scripting\lua-bindings\proj.win32\release.win32\libluacocos2d\ccluabridge.obj
e:\code\boids\frameworks\cocos2d-x\cocos\scripting\lua-bindings\proj.win32\release.win32\libluacocos2d\luaopengl.obj
e:\code\boids\frameworks\cocos2d-x\cocos\scripting\lua-bindings\proj.win32\release.win32\libluacocos2d\lua_cocos2dx_manual.obj
e:\code\boids\frameworks\cocos2d-x\cocos\scripting\lua-bindings\proj.win32\release.win32\libluacocos2d\customguireader.obj
e:\code\boids\frameworks\cocos2d-x\cocos\scripting\lua-bindings\proj.win32\release.win32\libluacocos2d\luabasicconversions.obj
e:\code\boids\frameworks\cocos2d-x\cocos\scripting\lua-bindings\proj.win32\release.win32\libluacocos2d\lua_xml_http_request.obj
e:\code\boids\frameworks\cocos2d-x\cocos\scripting\lua-bindings\proj.win32\release.win32\libluacocos2d\luaeventnode.obj
e:\code\boids\frameworks\cocos2d-x\cocos\scripting\lua-bindings\proj.win32\release.win32\libluacocos2d\lua_cocos2dx_auto.obj
e:\code\boids\frameworks\cocos2d-x\cocos\scripting\lua-bindings\proj.win32\release.win32\libluacocos2d\lua_cocos2dx_physics_auto.obj
e:\code\boids\frameworks\cocos2d-x\cocos\scripting\lua-bindings\proj.win32\release.win32\libluacocos2d\lua_cocos2dx_ui_auto.obj
e:\code\boids\frameworks\cocos2d-x\cocos\scripting\lua-bindings\proj.win32\release.win32\libluacocos2d\ccluaengine.obj
e:\code\boids\frameworks\cocos2d-x\cocos\scripting\lua-bindings\proj.win32\release.win32\libluacocos2d\luascripthandlermgr.obj
e:\code\boids\frameworks\cocos2d-x\cocos\scripting\lua-bindings\proj.win32\release.win32\libluacocos2d\lua_cocos2dx_physics_manual.obj
e:\code\boids\frameworks\cocos2d-x\cocos\scripting\lua-bindings\proj.win32\release.win32\libluacocos2d\lua_cocos2dx_cocosdenshion_manual.obj
e:\code\boids\frameworks\cocos2d-x\cocos\scripting\lua-bindings\proj.win32\release.win32\libluacocos2d\lua_cocos2dx_extension_manual.obj
e:\code\boids\frameworks\cocos2d-x\cocos\scripting\lua-bindings\proj.win32\release.win32\libluacocos2d\luaskeletonanimation.obj
e:\code\boids\frameworks\cocos2d-x\cocos\scripting\lua-bindings\proj.win32\release.win32\libluacocos2d\lua_cocos2dx_experimental_video_manual.obj
e:\code\boids\frameworks\cocos2d-x\cocos\scripting\lua-bindings\proj.win32\release.win32\libluacocos2d\lua_cocos2dx_ui_manual.obj
e:\code\boids\frameworks\cocos2d-x\cocos\scripting\lua-bindings\proj.win32\release.win32\libluacocos2d\luanodemanager.obj
e:\code\boids\frameworks\cocos2d-x\cocos\scripting\lua-bindings\proj.win32\release.win32\libluacocos2d\xxtea.obj
e:\code\boids\frameworks\cocos2d-x\cocos\scripting\lua-bindings\proj.win32\release.win32\libluacocos2d\lua_cocos2dx_3d_auto.obj
e:\code\boids\frameworks\cocos2d-x\cocos\scripting\lua-bindings\proj.win32\release.win32\libluacocos2d\lua_cocos2dx_cocosdenshion_auto.obj
e:\code\boids\frameworks\cocos2d-x\cocos\scripting\lua-bindings\proj.win32\release.win32\libluacocos2d\lua_cocos2dx_experimental_auto.obj
e:\code\boids\frameworks\cocos2d-x\cocos\scripting\lua-bindings\proj.win32\release.win32\libluacocos2d\lua_cocos2dx_studio_auto.obj
e:\code\boids\frameworks\cocos2d-x\cocos\scripting\lua-bindings\proj.win32\release.win32\libluacocos2d\ccluavalue.obj
e:\code\boids\frameworks\cocos2d-x\cocos\scripting\lua-bindings\proj.win32\release.win32\libluacocos2d\cocos2dxlualoader.obj
e:\code\boids\frameworks\cocos2d-x\cocos\scripting\lua-bindings\proj.win32\release.win32\libluacocos2d\lua_cocos2dx_experimental_manual.obj
e:\code\boids\frameworks\cocos2d-x\cocos\scripting\lua-bindings\proj.win32\release.win32\libluacocos2d\lua_cocos2dx_cocosbuilder_manual.obj
e:\code\boids\frameworks\cocos2d-x\cocos\scripting\lua-bindings\proj.win32\release.win32\libluacocos2d\lua_cocos2dx_coco_studio_manual.obj
e:\code\boids\frameworks\cocos2d-x\cocos\scripting\lua-bindings\proj.win32\release.win32\libluacocos2d\lua_web_socket.obj
e:\code\boids\frameworks\cocos2d-x\cocos\scripting\lua-bindings\proj.win32\release.win32\libluacocos2d\tolua_fix.obj
e:\code\boids\frameworks\cocos2d-x\cocos\scripting\lua-bindings\proj.win32\release.win32\libluacocos2d\luatouchtargetnode.obj
e:\code\boids\frameworks\cocos2d-x\cocos\scripting\lua-bindings\proj.win32\release.win32\libluacocos2d\lua_cocos2dx_quick_manual.obj
e:\code\boids\frameworks\cocos2d-x\cocos\scripting\lua-bindings\proj.win32\release.win32\libluacocos2d\lua_cocos2dx_cocosbuilder_auto.obj
e:\code\boids\frameworks\cocos2d-x\cocos\scripting\lua-bindings\proj.win32\release.win32\libluacocos2d\lua_cocos2dx_experimental_video_auto.obj
e:\code\boids\frameworks\cocos2d-x\cocos\scripting\lua-bindings\proj.win32\release.win32\libluacocos2d\lua_cocos2dx_extension_auto.obj
e:\code\boids\frameworks\cocos2d-x\cocos\scripting\lua-bindings\proj.win32\release.win32\libluacocos2d\lua_cocos2dx_audioengine_manual.obj
e:\code\boids\frameworks\cocos2d-x\cocos\scripting\lua-bindings\proj.win32\release.win32\libluacocos2d\ccluastack.obj
e:\code\boids\frameworks\cocos2d-x\cocos\scripting\lua-bindings\proj.win32\release.win32\libluacocos2d\lua_cocos2dx_deprecated.obj
e:\code\boids\frameworks\cocos2d-x\cocos\scripting\lua-bindings\proj.win32\release.win32\libluacocos2d\ccbproxy.obj
e:\code\boids\frameworks\cocos2d-x\cocos\scripting\lua-bindings\proj.win32\release.win32\libluacocos2d\lua-cocos-studio-conversions.obj
e:\code\boids\frameworks\cocos2d-x\cocos\scripting\lua-bindings\proj.win32\release.win32\libluacocos2d\lua_cocos2dx_csloader_manual.obj
e:\code\boids\frameworks\cocos2d-x\cocos\scripting\lua-bindings\proj.win32\release.win32\libluacocos2d\lua_cocos2dx_network_manual.obj
e:\code\boids\frameworks\cocos2d-x\cocos\scripting\lua-bindings\proj.win32\release.win32\libluacocos2d\lua_cocos2dx_spine_manual.obj
e:\code\boids\frameworks\runtime-src\proj.win32\release.win32\libluacocos2d.lib
e:\code\boids\frameworks\cocos2d-x\cocos\scripting\lua-bindings\proj.win32\release.win32\libluacocos2d\except.obj
e:\code\boids\frameworks\cocos2d-x\cocos\scripting\lua-bindings\proj.win32\release.win32\libluacocos2d\luasocket.obj
e:\code\boids\frameworks\cocos2d-x\cocos\scripting\lua-bindings\proj.win32\release.win32\libluacocos2d\tcp.obj
e:\code\boids\frameworks\cocos2d-x\cocos\scripting\lua-bindings\proj.win32\release.win32\libluacocos2d\tolua_event.obj
e:\code\boids\frameworks\cocos2d-x\cocos\scripting\lua-bindings\proj.win32\release.win32\libluacocos2d\tolua_is.obj
e:\code\boids\frameworks\cocos2d-x\cocos\scripting\lua-bindings\proj.win32\release.win32\libluacocos2d\tolua_map.obj
e:\code\boids\frameworks\cocos2d-x\cocos\scripting\lua-bindings\proj.win32\release.win32\libluacocos2d\tolua_to.obj
e:\code\boids\frameworks\cocos2d-x\cocos\scripting\lua-bindings\proj.win32\release.win32\libluacocos2d\buffer.obj
e:\code\boids\frameworks\cocos2d-x\cocos\scripting\lua-bindings\proj.win32\release.win32\libluacocos2d\luasocket_scripts.obj
e:\code\boids\frameworks\cocos2d-x\cocos\scripting\lua-bindings\proj.win32\release.win32\libluacocos2d\options.obj
e:\code\boids\frameworks\cocos2d-x\cocos\scripting\lua-bindings\proj.win32\release.win32\libluacocos2d\wsocket.obj
e:\code\boids\frameworks\cocos2d-x\cocos\scripting\lua-bindings\proj.win32\release.win32\libluacocos2d\inet.obj
e:\code\boids\frameworks\cocos2d-x\cocos\scripting\lua-bindings\proj.win32\release.win32\libluacocos2d\timeout.obj
e:\code\boids\frameworks\cocos2d-x\cocos\scripting\lua-bindings\proj.win32\release.win32\libluacocos2d\tolua_push.obj
e:\code\boids\frameworks\cocos2d-x\cocos\scripting\lua-bindings\proj.win32\release.win32\libluacocos2d\lua_extensions.obj
e:\code\boids\frameworks\cocos2d-x\cocos\scripting\lua-bindings\proj.win32\release.win32\libluacocos2d\auxiliar.obj
e:\code\boids\frameworks\cocos2d-x\cocos\scripting\lua-bindings\proj.win32\release.win32\libluacocos2d\io.obj
e:\code\boids\frameworks\cocos2d-x\cocos\scripting\lua-bindings\proj.win32\release.win32\libluacocos2d\mime.obj
e:\code\boids\frameworks\cocos2d-x\cocos\scripting\lua-bindings\proj.win32\release.win32\libluacocos2d\select.obj
e:\code\boids\frameworks\cocos2d-x\cocos\scripting\lua-bindings\proj.win32\release.win32\libluacocos2d\udp.obj
e:\code\boids\frameworks\cocos2d-x\cocos\scripting\lua-bindings\proj.win32\release.win32\libluacocos2d\vc120.pdb
e:\code\boids\frameworks\cocos2d-x\cocos\scripting\lua-bindings\proj.win32\release.win32\libluacocos2d\libluacocos2d.vcxprojresolveassemblyreference.cache
e:\code\boids\frameworks\cocos2d-x\cocos\scripting\lua-bindings\proj.win32\release.win32\libluacocos2d\cl.168.read.1.tlog
e:\code\boids\frameworks\cocos2d-x\cocos\scripting\lua-bindings\proj.win32\release.win32\libluacocos2d\cl.168.write.1.tlog
e:\code\boids\frameworks\cocos2d-x\cocos\scripting\lua-bindings\proj.win32\release.win32\libluacocos2d\cl.7440.read.1.tlog
e:\code\boids\frameworks\cocos2d-x\cocos\scripting\lua-bindings\proj.win32\release.win32\libluacocos2d\cl.7440.write.1.tlog
e:\code\boids\frameworks\cocos2d-x\cocos\scripting\lua-bindings\proj.win32\release.win32\libluacocos2d\cl.8068.read.1.tlog
e:\code\boids\frameworks\cocos2d-x\cocos\scripting\lua-bindings\proj.win32\release.win32\libluacocos2d\cl.8068.write.1.tlog
e:\code\boids\frameworks\cocos2d-x\cocos\scripting\lua-bindings\proj.win32\release.win32\libluacocos2d\cl.8240.read.1.tlog
e:\code\boids\frameworks\cocos2d-x\cocos\scripting\lua-bindings\proj.win32\release.win32\libluacocos2d\cl.8240.write.1.tlog
e:\code\boids\frameworks\cocos2d-x\cocos\scripting\lua-bindings\proj.win32\release.win32\libluacocos2d\cl.8884.read.1.tlog
e:\code\boids\frameworks\cocos2d-x\cocos\scripting\lua-bindings\proj.win32\release.win32\libluacocos2d\cl.8884.write.1.tlog
e:\code\boids\frameworks\cocos2d-x\cocos\scripting\lua-bindings\proj.win32\release.win32\libluacocos2d\cl.9112.read.1.tlog
e:\code\boids\frameworks\cocos2d-x\cocos\scripting\lua-bindings\proj.win32\release.win32\libluacocos2d\cl.9112.write.1.tlog
e:\code\boids\frameworks\cocos2d-x\cocos\scripting\lua-bindings\proj.win32\release.win32\libluacocos2d\cl.9644.read.1.tlog
e:\code\boids\frameworks\cocos2d-x\cocos\scripting\lua-bindings\proj.win32\release.win32\libluacocos2d\cl.9644.write.1.tlog
e:\code\boids\frameworks\cocos2d-x\cocos\scripting\lua-bindings\proj.win32\release.win32\libluacocos2d\cl.9792.read.1.tlog
e:\code\boids\frameworks\cocos2d-x\cocos\scripting\lua-bindings\proj.win32\release.win32\libluacocos2d\cl.9792.write.1.tlog
e:\code\boids\frameworks\cocos2d-x\cocos\scripting\lua-bindings\proj.win32\release.win32\libluacocos2d\cl.command.1.tlog
e:\code\boids\frameworks\cocos2d-x\cocos\scripting\lua-bindings\proj.win32\release.win32\libluacocos2d\cl.read.1.tlog
e:\code\boids\frameworks\cocos2d-x\cocos\scripting\lua-bindings\proj.win32\release.win32\libluacocos2d\cl.read.2.tlog
e:\code\boids\frameworks\cocos2d-x\cocos\scripting\lua-bindings\proj.win32\release.win32\libluacocos2d\cl.read.3.tlog
e:\code\boids\frameworks\cocos2d-x\cocos\scripting\lua-bindings\proj.win32\release.win32\libluacocos2d\cl.read.4.tlog
e:\code\boids\frameworks\cocos2d-x\cocos\scripting\lua-bindings\proj.win32\release.win32\libluacocos2d\cl.write.1.tlog
e:\code\boids\frameworks\cocos2d-x\cocos\scripting\lua-bindings\proj.win32\release.win32\libluacocos2d\lib-link.read.1.tlog
e:\code\boids\frameworks\cocos2d-x\cocos\scripting\lua-bindings\proj.win32\release.win32\libluacocos2d\lib-link.write.1.tlog
e:\code\boids\frameworks\cocos2d-x\cocos\scripting\lua-bindings\proj.win32\release.win32\libluacocos2d\lib.command.1.tlog
e:\code\boids\frameworks\cocos2d-x\cocos\scripting\lua-bindings\proj.win32\release.win32\libluacocos2d\lib.read.1.tlog
e:\code\boids\frameworks\cocos2d-x\cocos\scripting\lua-bindings\proj.win32\release.win32\libluacocos2d\libluacocos2d.tlog\cl.command.1.tlog
e:\code\boids\frameworks\cocos2d-x\cocos\scripting\lua-bindings\proj.win32\release.win32\libluacocos2d\libluacocos2d.tlog\cl.read.1.tlog
e:\code\boids\frameworks\cocos2d-x\cocos\scripting\lua-bindings\proj.win32\release.win32\libluacocos2d\libluacocos2d.tlog\cl.write.1.tlog
e:\code\boids\frameworks\cocos2d-x\cocos\scripting\lua-bindings\proj.win32\release.win32\libluacocos2d\libluacocos2d.tlog\lib-link.read.1.tlog
e:\code\boids\frameworks\cocos2d-x\cocos\scripting\lua-bindings\proj.win32\release.win32\libluacocos2d\libluacocos2d.tlog\lib-link.write.1.tlog
e:\code\boids\frameworks\cocos2d-x\cocos\scripting\lua-bindings\proj.win32\release.win32\libluacocos2d\libluacocos2d.tlog\lib.command.1.tlog
