e:\code\boids\frameworks\cocos2d-x\cocos\2d\release.win32\cceventlistenerassetsmanagerex.obj
e:\code\boids\frameworks\cocos2d-x\cocos\2d\release.win32\cccontrolsaturationbrightnesspicker.obj
e:\code\boids\frameworks\cocos2d-x\cocos\2d\release.win32\cccontrolstepper.obj
e:\code\boids\frameworks\cocos2d-x\cocos\2d\release.win32\cctableview.obj
e:\code\boids\frameworks\cocos2d-x\cocos\2d\release.win32\convertutf.obj
e:\code\boids\frameworks\cocos2d-x\cocos\2d\release.win32\edtaa3func.obj
e:\code\boids\frameworks\cocos2d-x\cocos\2d\release.win32\idl_gen_cpp.obj
e:\code\boids\frameworks\cocos2d-x\cocos\2d\release.win32\idl_gen_general.obj
e:\code\boids\frameworks\cocos2d-x\cocos\2d\release.win32\ccanimation3d.obj
e:\code\boids\frameworks\cocos2d-x\cocos\2d\release.win32\ccbundle3d.obj
e:\code\boids\frameworks\cocos2d-x\cocos\2d\release.win32\ccmeshvertexindexdata.obj
e:\code\boids\frameworks\cocos2d-x\cocos\2d\release.win32\ccskeleton3d.obj
e:\code\boids\frameworks\cocos2d-x\cocos\2d\release.win32\audioengine-win32.obj
e:\code\boids\frameworks\cocos2d-x\cocos\2d\release.win32\ccallocatorglobal.obj
e:\code\boids\frameworks\cocos2d-x\cocos\2d\release.win32\ccallocatorglobalnewdelete.obj
e:\code\boids\frameworks\cocos2d-x\cocos\2d\release.win32\ccautoreleasepool.obj
e:\code\boids\frameworks\cocos2d-x\cocos\2d\release.win32\ccconfiguration.obj
e:\code\boids\frameworks\cocos2d-x\cocos\2d\release.win32\ccdirector.obj
e:\code\boids\frameworks\cocos2d-x\cocos\2d\release.win32\ccfpsimages.obj
e:\code\boids\frameworks\cocos2d-x\cocos\2d\release.win32\ccimedispatcher.obj
e:\code\boids\frameworks\cocos2d-x\cocos\2d\release.win32\ccrandom.obj
e:\code\boids\frameworks\cocos2d-x\cocos\2d\release.win32\ccscheduler.obj
e:\code\boids\frameworks\cocos2d-x\cocos\2d\release.win32\ccuserdefault.obj
e:\code\boids\frameworks\cocos2d-x\cocos\2d\release.win32\s3tc.obj
e:\code\boids\frameworks\cocos2d-x\cocos\2d\release.win32\ziputils.obj
e:\code\boids\frameworks\cocos2d-x\cocos\2d\release.win32\ccnotificationcenter.obj
e:\code\boids\frameworks\cocos2d-x\cocos\2d\release.win32\ccbanimationmanager.obj
e:\code\boids\frameworks\cocos2d-x\cocos\2d\release.win32\ccbsequenceproperty.obj
e:\code\boids\frameworks\cocos2d-x\cocos\2d\release.win32\cclabelbmfontloader.obj
e:\code\boids\frameworks\cocos2d-x\cocos\2d\release.win32\cclayerloader.obj
e:\code\boids\frameworks\cocos2d-x\cocos\2d\release.win32\ccnodeloader.obj
e:\code\boids\frameworks\cocos2d-x\cocos\2d\release.win32\ccnodereader.obj
e:\code\boids\frameworks\cocos2d-x\cocos\2d\release.win32\ccactionobject.obj
e:\code\boids\frameworks\cocos2d-x\cocos\2d\release.win32\ccarmaturedatamanager.obj
e:\code\boids\frameworks\cocos2d-x\cocos\2d\release.win32\cccolliderdetector.obj
e:\code\boids\frameworks\cocos2d-x\cocos\2d\release.win32\cccomattribute.obj
e:\code\boids\frameworks\cocos2d-x\cocos\2d\release.win32\ccdatareaderhelper.obj
e:\code\boids\frameworks\cocos2d-x\cocos\2d\release.win32\ccinputdelegate.obj
e:\code\boids\frameworks\cocos2d-x\cocos\2d\release.win32\ccskin.obj
e:\code\boids\frameworks\cocos2d-x\cocos\2d\release.win32\cctransformhelp.obj
e:\code\boids\frameworks\cocos2d-x\cocos\2d\release.win32\cctween.obj
e:\code\boids\frameworks\cocos2d-x\cocos\2d\release.win32\triggermng.obj
e:\code\boids\frameworks\cocos2d-x\cocos\2d\release.win32\buttonreader.obj
e:\code\boids\frameworks\cocos2d-x\cocos\2d\release.win32\gamemapreader.obj
e:\code\boids\frameworks\cocos2d-x\cocos\2d\release.win32\loadingbarreader.obj
e:\code\boids\frameworks\cocos2d-x\cocos\2d\release.win32\projectnodereader.obj
e:\code\boids\frameworks\cocos2d-x\cocos\2d\release.win32\sliderreader.obj
e:\code\boids\frameworks\cocos2d-x\cocos\2d\release.win32\textfieldreader.obj
e:\code\boids\frameworks\cocos2d-x\cocos\2d\release.win32\mat4.obj
e:\code\boids\frameworks\cocos2d-x\cocos\2d\release.win32\quaternion.obj
e:\code\boids\frameworks\cocos2d-x\cocos\2d\release.win32\vec3.obj
e:\code\boids\frameworks\cocos2d-x\cocos\2d\release.win32\websocket.obj
e:\code\boids\frameworks\cocos2d-x\cocos\2d\release.win32\ccphysicsjoint.obj
e:\code\boids\frameworks\cocos2d-x\cocos\2d\release.win32\ccglview.obj
e:\code\boids\frameworks\cocos2d-x\cocos\2d\release.win32\cccommon-win32.obj
e:\code\boids\frameworks\cocos2d-x\cocos\2d\release.win32\ccdevice-win32.obj
e:\code\boids\frameworks\cocos2d-x\cocos\2d\release.win32\ccbatchcommand.obj
e:\code\boids\frameworks\cocos2d-x\cocos\2d\release.win32\ccglprogramstatecache.obj
e:\code\boids\frameworks\cocos2d-x\cocos\2d\release.win32\ccmeshcommand.obj
e:\code\boids\frameworks\cocos2d-x\cocos\2d\release.win32\cctexturecache.obj
e:\code\boids\frameworks\cocos2d-x\cocos\2d\release.win32\ccvertexindexbuffer.obj
e:\code\boids\frameworks\cocos2d-x\cocos\2d\release.win32\uideprecated.obj
e:\code\boids\frameworks\cocos2d-x\cocos\2d\release.win32\uihelper.obj
e:\code\boids\frameworks\cocos2d-x\cocos\2d\release.win32\uilayoutmanager.obj
e:\code\boids\frameworks\cocos2d-x\cocos\2d\release.win32\uiloadingbar.obj
e:\code\boids\frameworks\cocos2d-x\cocos\2d\release.win32\uiscale9sprite.obj
e:\code\boids\frameworks\cocos2d-x\cocos\2d\release.win32\uitextbmfont.obj
e:\code\boids\frameworks\cocos2d-x\cocos\2d\release.win32\ccaction.obj
e:\code\boids\frameworks\cocos2d-x\cocos\2d\release.win32\ccactionease.obj
e:\code\boids\frameworks\cocos2d-x\cocos\2d\release.win32\ccactioninstant.obj
e:\code\boids\frameworks\cocos2d-x\cocos\2d\release.win32\ccactiontiledgrid.obj
e:\code\boids\frameworks\cocos2d-x\cocos\2d\release.win32\ccatlasnode.obj
e:\code\boids\frameworks\cocos2d-x\cocos\2d\release.win32\cccomponentcontainer.obj
e:\code\boids\frameworks\cocos2d-x\cocos\2d\release.win32\ccfasttmxtiledmap.obj
e:\code\boids\frameworks\cocos2d-x\cocos\2d\release.win32\ccfontatlas.obj
e:\code\boids\frameworks\cocos2d-x\cocos\2d\release.win32\ccfontfreetype.obj
e:\code\boids\frameworks\cocos2d-x\cocos\2d\release.win32\cclabelbmfont.obj
e:\code\boids\frameworks\cocos2d-x\cocos\2d\release.win32\cclayer.obj
e:\code\boids\frameworks\cocos2d-x\cocos\2d\release.win32\ccparallaxnode.obj
e:\code\boids\frameworks\cocos2d-x\cocos\2d\release.win32\ccparticleexamples.obj
e:\code\boids\frameworks\cocos2d-x\cocos\2d\release.win32\ccparticlesystemquad.obj
e:\code\boids\frameworks\cocos2d-x\cocos\2d\release.win32\ccspritebatchnode.obj
e:\code\boids\frameworks\cocos2d-x\cocos\2d\release.win32\cctmxlayer.obj
e:\code\boids\frameworks\cocos2d-x\cocos\2d\release.win32\cctransitionpageturn.obj
e:\code\boids\frameworks\cocos2d-x\cocos\2d\release.win32\assetsmanager.obj
e:\code\boids\frameworks\cocos2d-x\cocos\2d\release.win32\downloader.obj
e:\code\boids\frameworks\cocos2d-x\cocos\2d\release.win32\cccontrolutils.obj
e:\code\boids\frameworks\cocos2d-x\cocos\2d\release.win32\ccscrollview.obj
e:\code\boids\frameworks\cocos2d-x\cocos\2d\release.win32\idl_gen_fbs.obj
e:\code\boids\frameworks\cocos2d-x\cocos\2d\release.win32\idl_parser.obj
e:\code\boids\frameworks\cocos2d-x\cocos\2d\release.win32\ccbillboard.obj
e:\code\boids\frameworks\cocos2d-x\cocos\2d\release.win32\ccmeshskin.obj
e:\code\boids\frameworks\cocos2d-x\cocos\2d\release.win32\ccobjloader.obj
e:\code\boids\frameworks\cocos2d-x\cocos\2d\release.win32\ccsprite3dmaterial.obj
e:\code\boids\frameworks\cocos2d-x\cocos\2d\release.win32\audiocache.obj
e:\code\boids\frameworks\cocos2d-x\cocos\2d\release.win32\mciplayer.obj
e:\code\boids\frameworks\cocos2d-x\cocos\2d\release.win32\simpleaudioengine.obj
e:\code\boids\frameworks\cocos2d-x\cocos\2d\release.win32\cceventlistenercustom.obj
e:\code\boids\frameworks\cocos2d-x\cocos\2d\release.win32\cceventlistenermouse.obj
e:\code\boids\frameworks\cocos2d-x\cocos\2d\release.win32\cceventtouch.obj
e:\code\boids\frameworks\cocos2d-x\cocos\2d\release.win32\ccns.obj
e:\code\boids\frameworks\cocos2d-x\cocos\2d\release.win32\ccscriptsupport.obj
e:\code\boids\frameworks\cocos2d-x\cocos\2d\release.win32\ccutf8.obj
e:\code\boids\frameworks\cocos2d-x\cocos\2d\release.win32\etc1.obj
e:\code\boids\frameworks\cocos2d-x\cocos\2d\release.win32\pvr.obj
e:\code\boids\frameworks\cocos2d-x\cocos\2d\release.win32\objectfactory.obj
e:\code\boids\frameworks\cocos2d-x\cocos\2d\release.win32\tgalib.obj
e:\code\boids\frameworks\cocos2d-x\cocos\2d\release.win32\ccdictionary.obj
e:\code\boids\frameworks\cocos2d-x\cocos\2d\release.win32\ccbfileloader.obj
e:\code\boids\frameworks\cocos2d-x\cocos\2d\release.win32\ccbsequence.obj
e:\code\boids\frameworks\cocos2d-x\cocos\2d\release.win32\cccontrolbuttonloader.obj
e:\code\boids\frameworks\cocos2d-x\cocos\2d\release.win32\cclayercolorloader.obj
e:\code\boids\frameworks\cocos2d-x\cocos\2d\release.win32\ccmenuitemloader.obj
e:\code\boids\frameworks\cocos2d-x\cocos\2d\release.win32\ccparticlesystemquadloader.obj
e:\code\boids\frameworks\cocos2d-x\cocos\2d\release.win32\ccactiontimeline.obj
e:\code\boids\frameworks\cocos2d-x\cocos\2d\release.win32\ccactiontimelinecache.obj
e:\code\boids\frameworks\cocos2d-x\cocos\2d\release.win32\ccactionframeeasing.obj
e:\code\boids\frameworks\cocos2d-x\cocos\2d\release.win32\ccactionmanagerex.obj
e:\code\boids\frameworks\cocos2d-x\cocos\2d\release.win32\ccarmature.obj
e:\code\boids\frameworks\cocos2d-x\cocos\2d\release.win32\ccbone.obj
e:\code\boids\frameworks\cocos2d-x\cocos\2d\release.win32\cccomaudio.obj
e:\code\boids\frameworks\cocos2d-x\cocos\2d\release.win32\ccdecorativedisplay.obj
e:\code\boids\frameworks\cocos2d-x\cocos\2d\release.win32\ccdisplayfactory.obj
e:\code\boids\frameworks\cocos2d-x\cocos\2d\release.win32\ccsguireader.obj
e:\code\boids\frameworks\cocos2d-x\cocos\2d\release.win32\triggerbase.obj
e:\code\boids\frameworks\cocos2d-x\cocos\2d\release.win32\armaturenodereader.obj
e:\code\boids\frameworks\cocos2d-x\cocos\2d\release.win32\imageviewreader.obj
e:\code\boids\frameworks\cocos2d-x\cocos\2d\release.win32\nodereaderdefine.obj
e:\code\boids\frameworks\cocos2d-x\cocos\2d\release.win32\nodereaderprotocol.obj
e:\code\boids\frameworks\cocos2d-x\cocos\2d\release.win32\nodereader.obj
e:\code\boids\frameworks\cocos2d-x\cocos\2d\release.win32\scrollviewreader.obj
e:\code\boids\frameworks\cocos2d-x\cocos\2d\release.win32\textatlasreader.obj
e:\code\boids\frameworks\cocos2d-x\cocos\2d\release.win32\widgetreader.obj
e:\code\boids\frameworks\cocos2d-x\cocos\2d\release.win32\vec4.obj
e:\code\boids\frameworks\cocos2d-x\cocos\2d\release.win32\ccphysicsbody.obj
e:\code\boids\frameworks\cocos2d-x\cocos\2d\release.win32\ccphysicsshape.obj
e:\code\boids\frameworks\cocos2d-x\cocos\2d\release.win32\ccimage.obj
e:\code\boids\frameworks\cocos2d-x\cocos\2d\release.win32\ccapplication-win32.obj
e:\code\boids\frameworks\cocos2d-x\cocos\2d\release.win32\ccstdc-win32.obj
e:\code\boids\frameworks\cocos2d-x\cocos\2d\release.win32\ccglprogram.obj
e:\code\boids\frameworks\cocos2d-x\cocos\2d\release.win32\ccglstatecache.obj
e:\code\boids\frameworks\cocos2d-x\cocos\2d\release.win32\ccprimitive.obj
e:\code\boids\frameworks\cocos2d-x\cocos\2d\release.win32\ccrendercommand.obj
e:\code\boids\frameworks\cocos2d-x\cocos\2d\release.win32\ccrenderer.obj
e:\code\boids\frameworks\cocos2d-x\cocos\2d\release.win32\ccvertexindexdata.obj
e:\code\boids\frameworks\cocos2d-x\cocos\2d\release.win32\cocosgui.obj
e:\code\boids\frameworks\cocos2d-x\cocos\2d\release.win32\uieditbox.obj
e:\code\boids\frameworks\cocos2d-x\cocos\2d\release.win32\uiimageview.obj
e:\code\boids\frameworks\cocos2d-x\cocos\2d\release.win32\uilayoutparameter.obj
e:\code\boids\frameworks\cocos2d-x\cocos\2d\release.win32\uipageview.obj
e:\code\boids\frameworks\cocos2d-x\cocos\2d\release.win32\uiscrollview.obj
e:\code\boids\frameworks\cocos2d-x\cocos\2d\release.win32\uitextatlas.obj
e:\code\boids\frameworks\cocos2d-x\cocos\2d\release.win32\uivbox.obj
e:\code\boids\frameworks\cocos2d-x\cocos\2d\release.win32\ccactioncatmullrom.obj
e:\code\boids\frameworks\cocos2d-x\cocos\2d\release.win32\ccactiongrid3d.obj
e:\code\boids\frameworks\cocos2d-x\cocos\2d\release.win32\ccactionpageturn3d.obj
e:\code\boids\frameworks\cocos2d-x\cocos\2d\release.win32\ccactiontween.obj
e:\code\boids\frameworks\cocos2d-x\cocos\2d\release.win32\cccamera.obj
e:\code\boids\frameworks\cocos2d-x\cocos\2d\release.win32\cccomponent.obj
e:\code\boids\frameworks\cocos2d-x\cocos\2d\release.win32\ccdrawnode.obj
e:\code\boids\frameworks\cocos2d-x\cocos\2d\release.win32\ccfontatlascache.obj
e:\code\boids\frameworks\cocos2d-x\cocos\2d\release.win32\ccglbufferednode.obj
e:\code\boids\frameworks\cocos2d-x\cocos\2d\release.win32\ccgrabber.obj
e:\code\boids\frameworks\cocos2d-x\cocos\2d\release.win32\cclabelatlas.obj
e:\code\boids\frameworks\cocos2d-x\cocos\2d\release.win32\cclabelttf.obj
e:\code\boids\frameworks\cocos2d-x\cocos\2d\release.win32\ccmenu.obj
e:\code\boids\frameworks\cocos2d-x\cocos\2d\release.win32\ccnodegrid.obj
e:\code\boids\frameworks\cocos2d-x\cocos\2d\release.win32\ccparticlesystem.obj
e:\code\boids\frameworks\cocos2d-x\cocos\2d\release.win32\ccrendertexture.obj
e:\code\boids\frameworks\cocos2d-x\cocos\2d\release.win32\ccspriteframe.obj
e:\code\boids\frameworks\cocos2d-x\cocos\2d\release.win32\cctextfieldttf.obj
e:\code\boids\frameworks\cocos2d-x\cocos\2d\release.win32\cctmxtiledmap.obj
e:\code\boids\frameworks\cocos2d-x\cocos\2d\release.win32\cctransitionprogress.obj
e:\code\boids\frameworks\cocos2d-x\cocos\2d\release.win32\assetsmanagerex.obj
e:\code\boids\frameworks\cocos2d-x\cocos\2d\release.win32\cccontrol.obj
e:\code\boids\frameworks\cocos2d-x\cocos\2d\release.win32\cccontrolcolourpicker.obj
e:\code\boids\frameworks\cocos2d-x\cocos\2d\release.win32\cccontrolpotentiometer.obj
e:\code\boids\frameworks\cocos2d-x\cocos\2d\release.win32\cccontrolswitch.obj
e:\code\boids\frameworks\cocos2d-x\cocos\2d\release.win32\ccphysicsdebugnode.obj
e:\code\boids\frameworks\cocos2d-x\cocos\2d\release.win32\convertutfwrapper.obj
e:\code\boids\frameworks\cocos2d-x\cocos\2d\release.win32\flatc.obj
e:\code\boids\frameworks\cocos2d-x\cocos\2d\release.win32\idl_gen_text.obj
e:\code\boids\frameworks\cocos2d-x\cocos\2d\release.win32\ioapi_mem.obj
e:\code\boids\frameworks\cocos2d-x\cocos\2d\release.win32\ioapi.obj
e:\code\boids\frameworks\cocos2d-x\cocos\2d\release.win32\unzip.obj
e:\code\boids\frameworks\cocos2d-x\cocos\2d\release.win32\ccaabb.obj
e:\code\boids\frameworks\cocos2d-x\cocos\2d\release.win32\ccattachnode.obj
e:\code\boids\frameworks\cocos2d-x\cocos\2d\release.win32\ccbundlereader.obj
e:\code\boids\frameworks\cocos2d-x\cocos\2d\release.win32\ccmesh.obj
e:\code\boids\frameworks\cocos2d-x\cocos\2d\release.win32\ccsprite3d.obj
e:\code\boids\frameworks\cocos2d-x\cocos\2d\release.win32\cccarray.obj
e:\code\boids\frameworks\cocos2d-x\cocos\2d\release.win32\ccconsole.obj
e:\code\boids\frameworks\cocos2d-x\cocos\2d\release.win32\cceventcustom.obj
e:\code\boids\frameworks\cocos2d-x\cocos\2d\release.win32\cceventdispatcher.obj
e:\code\boids\frameworks\cocos2d-x\cocos\2d\release.win32\cceventlistenerkeyboard.obj
e:\code\boids\frameworks\cocos2d-x\cocos\2d\release.win32\cceventmouse.obj
e:\code\boids\frameworks\cocos2d-x\cocos\2d\release.win32\ccprofiling.obj
e:\code\boids\frameworks\cocos2d-x\cocos\2d\release.win32\cctouch.obj
e:\code\boids\frameworks\cocos2d-x\cocos\2d\release.win32\ccutils.obj
e:\code\boids\frameworks\cocos2d-x\cocos\2d\release.win32\ccdeprecated.obj
e:\code\boids\frameworks\cocos2d-x\cocos\2d\release.win32\cccontrolloader.obj
e:\code\boids\frameworks\cocos2d-x\cocos\2d\release.win32\cclayergradientloader.obj
e:\code\boids\frameworks\cocos2d-x\cocos\2d\release.win32\ccnode+ccbrelativepositioning.obj
e:\code\boids\frameworks\cocos2d-x\cocos\2d\release.win32\ccscale9spriteloader.obj
e:\code\boids\frameworks\cocos2d-x\cocos\2d\release.win32\ccspriteloader.obj
e:\code\boids\frameworks\cocos2d-x\cocos\2d\release.win32\ccframe.obj
e:\code\boids\frameworks\cocos2d-x\cocos\2d\release.win32\cctimeline.obj
e:\code\boids\frameworks\cocos2d-x\cocos\2d\release.win32\csloader.obj
e:\code\boids\frameworks\cocos2d-x\cocos\2d\release.win32\cccomrender.obj
e:\code\boids\frameworks\cocos2d-x\cocos\2d\release.win32\ccutilmath.obj
e:\code\boids\frameworks\cocos2d-x\cocos\2d\release.win32\cocoloader.obj
e:\code\boids\frameworks\cocos2d-x\cocos\2d\release.win32\dictionaryhelper.obj
e:\code\boids\frameworks\cocos2d-x\cocos\2d\release.win32\flatbuffersserialize.obj
e:\code\boids\frameworks\cocos2d-x\cocos\2d\release.win32\widgetcallbackhandlerprotocol.obj
e:\code\boids\frameworks\cocos2d-x\cocos\2d\release.win32\checkboxreader.obj
e:\code\boids\frameworks\cocos2d-x\cocos\2d\release.win32\layoutreader.obj
e:\code\boids\frameworks\cocos2d-x\cocos\2d\release.win32\particlereader.obj
e:\code\boids\frameworks\cocos2d-x\cocos\2d\release.win32\singlenodereader.obj
e:\code\boids\frameworks\cocos2d-x\cocos\2d\release.win32\textbmfontreader.obj
e:\code\boids\frameworks\cocos2d-x\cocos\2d\release.win32\ccaffinetransform.obj
e:\code\boids\frameworks\cocos2d-x\cocos\2d\release.win32\ccgeometry.obj
e:\code\boids\frameworks\cocos2d-x\cocos\2d\release.win32\mathutil.obj
e:\code\boids\frameworks\cocos2d-x\cocos\2d\release.win32\vec2.obj
e:\code\boids\frameworks\cocos2d-x\cocos\2d\release.win32\socketio.obj
e:\code\boids\frameworks\cocos2d-x\cocos\2d\release.win32\ccphysicsworld.obj
e:\code\boids\frameworks\cocos2d-x\cocos\2d\release.win32\ccsaxparser.obj
e:\code\boids\frameworks\cocos2d-x\cocos\2d\release.win32\ccfileutils-win32.obj
e:\code\boids\frameworks\cocos2d-x\cocos\2d\release.win32\ccglprogramcache.obj
e:\code\boids\frameworks\cocos2d-x\cocos\2d\release.win32\ccgroupcommand.obj
e:\code\boids\frameworks\cocos2d-x\cocos\2d\release.win32\ccquadcommand.obj
e:\code\boids\frameworks\cocos2d-x\cocos\2d\release.win32\ccshaders.obj
e:\code\boids\frameworks\cocos2d-x\cocos\2d\release.win32\cctexture2d.obj
e:\code\boids\frameworks\cocos2d-x\cocos\2d\release.win32\cctrianglescommand.obj
e:\code\boids\frameworks\cocos2d-x\cocos\2d\release.win32\uicheckbox.obj
e:\code\boids\frameworks\cocos2d-x\cocos\2d\release.win32\uihbox.obj
e:\code\boids\frameworks\cocos2d-x\cocos\2d\release.win32\uilayoutcomponent.obj
e:\code\boids\frameworks\cocos2d-x\cocos\2d\release.win32\uilistview.obj
e:\code\boids\frameworks\cocos2d-x\cocos\2d\release.win32\uirelativebox.obj
e:\code\boids\frameworks\cocos2d-x\cocos\2d\release.win32\uislider.obj
e:\code\boids\frameworks\cocos2d-x\cocos\2d\release.win32\uitextfield.obj
e:\code\boids\frameworks\cocos2d-x\cocos\2d\release.win32\ccactioncamera.obj
e:\code\boids\frameworks\cocos2d-x\cocos\2d\release.win32\ccactiongrid.obj
e:\code\boids\frameworks\cocos2d-x\cocos\2d\release.win32\ccactioninterval.obj
e:\code\boids\frameworks\cocos2d-x\cocos\2d\release.win32\ccanimation.obj
e:\code\boids\frameworks\cocos2d-x\cocos\2d\release.win32\ccclippingnode.obj
e:\code\boids\frameworks\cocos2d-x\cocos\2d\release.win32\ccdrawingprimitives.obj
e:\code\boids\frameworks\cocos2d-x\cocos\2d\release.win32\ccfont.obj
e:\code\boids\frameworks\cocos2d-x\cocos\2d\release.win32\ccfontcharmap.obj
e:\code\boids\frameworks\cocos2d-x\cocos\2d\release.win32\ccgrid.obj
e:\code\boids\frameworks\cocos2d-x\cocos\2d\release.win32\cclabeltextformatter.obj
e:\code\boids\frameworks\cocos2d-x\cocos\2d\release.win32\cclight.obj
e:\code\boids\frameworks\cocos2d-x\cocos\2d\release.win32\ccmotionstreak.obj
e:\code\boids\frameworks\cocos2d-x\cocos\2d\release.win32\ccparticlebatchnode.obj
e:\code\boids\frameworks\cocos2d-x\cocos\2d\release.win32\ccprotectednode.obj
e:\code\boids\frameworks\cocos2d-x\cocos\2d\release.win32\ccscene.obj
e:\code\boids\frameworks\cocos2d-x\cocos\2d\release.win32\ccspriteframecache.obj
e:\code\boids\frameworks\cocos2d-x\cocos\2d\release.win32\cctmxobjectgroup.obj
e:\code\boids\frameworks\cocos2d-x\cocos\2d\release.win32\cctransition.obj
e:\code\boids\frameworks\cocos2d-x\cocos\2d\release.win32\cceventassetsmanagerex.obj
e:\code\boids\frameworks\cocos2d-x\cocos\2d\release.win32\manifest.obj
e:\code\boids\frameworks\cocos2d-x\cocos\2d\release.win32\cccontrolbutton.obj
e:\code\boids\frameworks\cocos2d-x\cocos\2d\release.win32\cccontrolhuepicker.obj
e:\code\boids\frameworks\cocos2d-x\cocos\2d\release.win32\cccontrolslider.obj
e:\code\boids\frameworks\cocos2d-x\cocos\2d\release.win32\ccinvocation.obj
e:\code\boids\frameworks\cocos2d-x\cocos\2d\release.win32\cctableviewcell.obj
e:\code\boids\frameworks\cocos2d-x\cocos\2d\release.win32\ccphysicssprite.obj
e:\code\boids\frameworks\cocos2d-x\cocos\2d\release.win32\idl_gen_go.obj
e:\code\boids\frameworks\cocos2d-x\cocos\2d\release.win32\tinyxml2.obj
e:\code\boids\frameworks\cocos2d-x\cocos\2d\release.win32\xxhash.obj
e:\code\boids\frameworks\cocos2d-x\cocos\2d\release.win32\ccanimate3d.obj
e:\code\boids\frameworks\cocos2d-x\cocos\2d\release.win32\ccfrustum.obj
e:\code\boids\frameworks\cocos2d-x\cocos\2d\release.win32\ccobb.obj
e:\code\boids\frameworks\cocos2d-x\cocos\2d\release.win32\ccplane.obj
e:\code\boids\frameworks\cocos2d-x\cocos\2d\release.win32\ccray.obj
e:\code\boids\frameworks\cocos2d-x\cocos\2d\release.win32\audioengine.obj
e:\code\boids\frameworks\cocos2d-x\cocos\2d\release.win32\audioplayer.obj
e:\code\boids\frameworks\cocos2d-x\cocos\2d\release.win32\ccallocatordiagnostics.obj
e:\code\boids\frameworks\cocos2d-x\cocos\2d\release.win32\atitc.obj
e:\code\boids\frameworks\cocos2d-x\cocos\2d\release.win32\base64.obj
e:\code\boids\frameworks\cocos2d-x\cocos\2d\release.win32\ccasynctaskpool.obj
e:\code\boids\frameworks\cocos2d-x\cocos\2d\release.win32\ccdata.obj
e:\code\boids\frameworks\cocos2d-x\cocos\2d\release.win32\ccdatavisitor.obj
e:\code\boids\frameworks\cocos2d-x\cocos\2d\release.win32\ccevent.obj
e:\code\boids\frameworks\cocos2d-x\cocos\2d\release.win32\cceventacceleration.obj
e:\code\boids\frameworks\cocos2d-x\cocos\2d\release.win32\cceventfocus.obj
e:\code\boids\frameworks\cocos2d-x\cocos\2d\release.win32\cceventkeyboard.obj
e:\code\boids\frameworks\cocos2d-x\cocos\2d\release.win32\cceventlistener.obj
e:\code\boids\frameworks\cocos2d-x\cocos\2d\release.win32\cceventlisteneracceleration.obj
e:\code\boids\frameworks\cocos2d-x\cocos\2d\release.win32\cceventlistenerfocus.obj
e:\code\boids\frameworks\cocos2d-x\cocos\2d\release.win32\cceventlistenertouch.obj
e:\code\boids\frameworks\cocos2d-x\cocos\2d\release.win32\ccref.obj
e:\code\boids\frameworks\cocos2d-x\cocos\2d\release.win32\cctypes.obj
e:\code\boids\frameworks\cocos2d-x\cocos\2d\release.win32\ccvalue.obj
e:\code\boids\frameworks\cocos2d-x\cocos\2d\release.win32\cocos2d.obj
e:\code\boids\frameworks\cocos2d-x\cocos\2d\release.win32\ccarray.obj
e:\code\boids\frameworks\cocos2d-x\cocos\2d\release.win32\ccset.obj
e:\code\boids\frameworks\cocos2d-x\cocos\2d\release.win32\ccstring.obj
e:\code\boids\frameworks\cocos2d-x\cocos\2d\release.win32\ccbkeyframe.obj
e:\code\boids\frameworks\cocos2d-x\cocos\2d\release.win32\ccbreader.obj
e:\code\boids\frameworks\cocos2d-x\cocos\2d\release.win32\cclabelttfloader.obj
e:\code\boids\frameworks\cocos2d-x\cocos\2d\release.win32\ccmenuitemimageloader.obj
e:\code\boids\frameworks\cocos2d-x\cocos\2d\release.win32\ccnodeloaderlibrary.obj
e:\code\boids\frameworks\cocos2d-x\cocos\2d\release.win32\ccscrollviewloader.obj
e:\code\boids\frameworks\cocos2d-x\cocos\2d\release.win32\ccactiontimelinenode.obj
e:\code\boids\frameworks\cocos2d-x\cocos\2d\release.win32\ccactionframe.obj
e:\code\boids\frameworks\cocos2d-x\cocos\2d\release.win32\ccactionnode.obj
e:\code\boids\frameworks\cocos2d-x\cocos\2d\release.win32\ccarmatureanimation.obj
e:\code\boids\frameworks\cocos2d-x\cocos\2d\release.win32\ccarmaturedefine.obj
e:\code\boids\frameworks\cocos2d-x\cocos\2d\release.win32\ccbatchnode.obj
e:\code\boids\frameworks\cocos2d-x\cocos\2d\release.win32\cccomcontroller.obj
e:\code\boids\frameworks\cocos2d-x\cocos\2d\release.win32\ccdatas.obj
e:\code\boids\frameworks\cocos2d-x\cocos\2d\release.win32\ccdisplaymanager.obj
e:\code\boids\frameworks\cocos2d-x\cocos\2d\release.win32\ccprocessbase.obj
e:\code\boids\frameworks\cocos2d-x\cocos\2d\release.win32\ccspriteframecachehelper.obj
e:\code\boids\frameworks\cocos2d-x\cocos\2d\release.win32\ccsscenereader.obj
e:\code\boids\frameworks\cocos2d-x\cocos\2d\release.win32\triggerobj.obj
e:\code\boids\frameworks\cocos2d-x\cocos\2d\release.win32\comaudioreader.obj
e:\code\boids\frameworks\cocos2d-x\cocos\2d\release.win32\listviewreader.obj
e:\code\boids\frameworks\cocos2d-x\cocos\2d\release.win32\pageviewreader.obj
e:\code\boids\frameworks\cocos2d-x\cocos\2d\release.win32\spritereader.obj
e:\code\boids\frameworks\cocos2d-x\cocos\2d\release.win32\textreader.obj
e:\code\boids\frameworks\cocos2d-x\cocos\2d\release.win32\ccvertex.obj
e:\code\boids\frameworks\cocos2d-x\cocos\2d\release.win32\transformutils.obj
e:\code\boids\frameworks\cocos2d-x\cocos\2d\release.win32\httpclient.obj
e:\code\boids\frameworks\cocos2d-x\cocos\2d\release.win32\ccphysicscontact.obj
e:\code\boids\frameworks\cocos2d-x\cocos\2d\release.win32\ccfileutils.obj
e:\code\boids\frameworks\cocos2d-x\cocos\2d\release.win32\ccthread.obj
e:\code\boids\frameworks\cocos2d-x\cocos\2d\release.win32\ccglviewimpl-desktop.obj
e:\code\boids\frameworks\cocos2d-x\cocos\2d\release.win32\cccustomcommand.obj
e:\code\boids\frameworks\cocos2d-x\cocos\2d\release.win32\ccglprogramstate.obj
e:\code\boids\frameworks\cocos2d-x\cocos\2d\release.win32\ccprimitivecommand.obj
e:\code\boids\frameworks\cocos2d-x\cocos\2d\release.win32\cctextureatlas.obj
e:\code\boids\frameworks\cocos2d-x\cocos\2d\release.win32\localstorage.obj
e:\code\boids\frameworks\cocos2d-x\cocos\2d\release.win32\uishaders.obj
e:\code\boids\frameworks\cocos2d-x\cocos\2d\release.win32\uibutton.obj
e:\code\boids\frameworks\cocos2d-x\cocos\2d\release.win32\uieditboximpl-win32.obj
e:\code\boids\frameworks\cocos2d-x\cocos\2d\release.win32\uilayout.obj
e:\code\boids\frameworks\cocos2d-x\cocos\2d\release.win32\uirichtext.obj
e:\code\boids\frameworks\cocos2d-x\cocos\2d\release.win32\uitext.obj
e:\code\boids\frameworks\cocos2d-x\cocos\2d\release.win32\uiwebview.obj
e:\code\boids\frameworks\cocos2d-x\cocos\2d\release.win32\uiwidget.obj
e:\code\boids\frameworks\cocos2d-x\cocos\2d\release.win32\ccactionmanager.obj
e:\code\boids\frameworks\cocos2d-x\cocos\2d\release.win32\ccactionprogresstimer.obj
e:\code\boids\frameworks\cocos2d-x\cocos\2d\release.win32\ccanimationcache.obj
e:\code\boids\frameworks\cocos2d-x\cocos\2d\release.win32\ccclippingrectanglenode.obj
e:\code\boids\frameworks\cocos2d-x\cocos\2d\release.win32\ccfasttmxlayer.obj
e:\code\boids\frameworks\cocos2d-x\cocos\2d\release.win32\ccfontfnt.obj
e:\code\boids\frameworks\cocos2d-x\cocos\2d\release.win32\cclabel.obj
e:\code\boids\frameworks\cocos2d-x\cocos\2d\release.win32\ccmenuitem.obj
e:\code\boids\frameworks\cocos2d-x\cocos\2d\release.win32\ccnode.obj
e:\code\boids\frameworks\cocos2d-x\cocos\2d\release.win32\ccprogresstimer.obj
e:\code\boids\frameworks\cocos2d-x\cocos\2d\release.win32\ccsprite.obj
e:\code\boids\frameworks\cocos2d-x\cocos\2d\release.win32\cctilemapatlas.obj
e:\code\boids\frameworks\cocos2d-x\cocos\2d\release.win32\cctmxxmlparser.obj
e:\code\boids\frameworks\cocos2d-x\cocos\2d\release.win32\cctweenfunction.obj
e:\code\boids\frameworks\cocos2d-x\cocos\2d\release.win32\vc110.pdb
e:\code\boids\frameworks\runtime-src\proj.win32\release.win32\libcocos2d.lib
e:\code\boids\frameworks\runtime-src\proj.win32\release.win32\libcocos2d.exp
e:\code\boids\frameworks\runtime-src\proj.win32\release.win32\libcocos2d.dll
e:\code\boids\frameworks\runtime-src\proj.win32\release.win32\libcocos2d.pdb
e:\code\boids\frameworks\cocos2d-x\cocos\2d\release.win32\vc120.pdb
e:\code\boids\frameworks\cocos2d-x\cocos\2d\release.win32\libcocos2d.vcxprojresolveassemblyreference.cache
e:\code\boids\frameworks\cocos2d-x\cocos\2d\release.win32\cl.10052.read.1.tlog
e:\code\boids\frameworks\cocos2d-x\cocos\2d\release.win32\cl.10052.write.1.tlog
e:\code\boids\frameworks\cocos2d-x\cocos\2d\release.win32\cl.11032.read.1.tlog
e:\code\boids\frameworks\cocos2d-x\cocos\2d\release.win32\cl.11032.write.1.tlog
e:\code\boids\frameworks\cocos2d-x\cocos\2d\release.win32\cl.11040.read.1.tlog
e:\code\boids\frameworks\cocos2d-x\cocos\2d\release.win32\cl.11040.write.1.tlog
e:\code\boids\frameworks\cocos2d-x\cocos\2d\release.win32\cl.11056.read.1.tlog
e:\code\boids\frameworks\cocos2d-x\cocos\2d\release.win32\cl.11056.write.1.tlog
e:\code\boids\frameworks\cocos2d-x\cocos\2d\release.win32\cl.8224.read.1.tlog
e:\code\boids\frameworks\cocos2d-x\cocos\2d\release.win32\cl.8224.write.1.tlog
e:\code\boids\frameworks\cocos2d-x\cocos\2d\release.win32\cl.8704.read.1.tlog
e:\code\boids\frameworks\cocos2d-x\cocos\2d\release.win32\cl.8704.write.1.tlog
e:\code\boids\frameworks\cocos2d-x\cocos\2d\release.win32\cl.9800.read.1.tlog
e:\code\boids\frameworks\cocos2d-x\cocos\2d\release.win32\cl.9800.write.1.tlog
e:\code\boids\frameworks\cocos2d-x\cocos\2d\release.win32\cl.9876.read.1.tlog
e:\code\boids\frameworks\cocos2d-x\cocos\2d\release.win32\cl.9876.write.1.tlog
e:\code\boids\frameworks\cocos2d-x\cocos\2d\release.win32\cl.command.1.tlog
e:\code\boids\frameworks\cocos2d-x\cocos\2d\release.win32\cl.read.1.tlog
e:\code\boids\frameworks\cocos2d-x\cocos\2d\release.win32\cl.read.2.tlog
e:\code\boids\frameworks\cocos2d-x\cocos\2d\release.win32\cl.read.3.tlog
e:\code\boids\frameworks\cocos2d-x\cocos\2d\release.win32\cl.read.4.tlog
e:\code\boids\frameworks\cocos2d-x\cocos\2d\release.win32\cl.write.1.tlog
e:\code\boids\frameworks\cocos2d-x\cocos\2d\release.win32\libcocos2d.write.1.tlog
e:\code\boids\frameworks\cocos2d-x\cocos\2d\release.win32\link-cvtres.read.1.tlog
e:\code\boids\frameworks\cocos2d-x\cocos\2d\release.win32\link-cvtres.write.1.tlog
e:\code\boids\frameworks\cocos2d-x\cocos\2d\release.win32\link-rc.read.1.tlog
e:\code\boids\frameworks\cocos2d-x\cocos\2d\release.win32\link-rc.write.1.tlog
e:\code\boids\frameworks\cocos2d-x\cocos\2d\release.win32\link.command.1.tlog
e:\code\boids\frameworks\cocos2d-x\cocos\2d\release.win32\link.read.1.tlog
e:\code\boids\frameworks\cocos2d-x\cocos\2d\release.win32\link.write.1.tlog
e:\code\boids\frameworks\cocos2d-x\cocos\2d\release.win32\libcocos2d.tlog\cl.command.1.tlog
e:\code\boids\frameworks\cocos2d-x\cocos\2d\release.win32\libcocos2d.tlog\cl.read.1.tlog
e:\code\boids\frameworks\cocos2d-x\cocos\2d\release.win32\libcocos2d.tlog\cl.write.1.tlog
e:\code\boids\frameworks\cocos2d-x\cocos\2d\release.win32\libcocos2d.tlog\libcocos2d.write.1u.tlog
e:\code\boids\frameworks\cocos2d-x\cocos\2d\release.win32\libcocos2d.tlog\link.command.1.tlog
e:\code\boids\frameworks\cocos2d-x\cocos\2d\release.win32\libcocos2d.tlog\link.read.1.tlog
e:\code\boids\frameworks\cocos2d-x\cocos\2d\release.win32\libcocos2d.tlog\link.write.1.tlog
